<?xml version="1.0" encoding="UTF-8" ?>
<testsuite tests="5" failures="0" name="com.qa.runners.MyRunnerTest" time="39.865" errors="0" skipped="0">
  <properties>
[...]
</properties>
  <testcase classname="Login scenarios" name="Login with invalid username" time="7.743"/>
  <testcase classname="Login scenarios" name="Login with invalid password" time="7.362"/>
  <testcase classname="Login scenarios" name="Login with valid username and valid password" time="7.323"/>
  <testcase classname="Product scenarios" name="Validate product info on Products page" time="9.519"/>
  <testcase classname="Product scenarios" name="Validate product info on Product Details page" time="7.918"/>
</testsuite>